<?xml version="1.0" encoding="UTF-8"?>
<!-- Generated by org.testng.reporters.JUnitXMLReporter -->
<testsuite hostname="GDNNB188" name="lesson05-03test" tests="5" failures="0" timestamp="14 Apr 2017 13:52:59 GMT" time="0.047" errors="0">
  <testcase name="testServer" time="0.007" classname="lesson05.WebTest"/>
  <testcase name="testServer" time="0.001" classname="lesson05.WebTest"/>
  <testcase name="testServer" time="0.001" classname="lesson05.WebTest"/>
  <testcase name="testServer" time="0.001" classname="lesson05.WebTest"/>
  <testcase name="testServer" time="0.001" classname="lesson05.WebTest"/>
</testsuite> <!-- lesson05-03test -->
