<?xml version="1.0" encoding="UTF-8"?>
<!-- Generated by org.testng.reporters.JUnitXMLReporter -->
<testsuite hostname="GDNNB188" name="lesson09-02seleniumTest" tests="1" failures="1" timestamp="11 Aug 2016 18:34:50 GMT" time="41.064" errors="0">
  <testcase name="shouldSuccesfullyLogin" time="4.643" classname="lesson09.AllegroTest">
    <failure type="java.lang.AssertionError" message="expected [false] but found [true]">
      <![CDATA[java.lang.AssertionError: expected [false] but found [true]
	at lesson09.AllegroTest.shouldSuccesfullyLogin(AllegroTest.java:18)
... Removed 29 stack frames]]>
    </failure>
  </testcase> <!-- shouldSuccesfullyLogin -->
</testsuite> <!-- lesson09-02seleniumTest -->
